2012.10.10 09:59 B C:\xampp\htdocs\GKKKMD\fancybox\fancybox\blank.gif --> gandariakochikancha.org /www/fancybox/fancybox blank.gif
2012.10.10 09:59 B C:\xampp\htdocs\GKKKMD\fancybox\fancybox\fancy_close.png --> gandariakochikancha.org /www/fancybox/fancybox fancy_close.png
2012.10.10 09:59 B C:\xampp\htdocs\GKKKMD\fancybox\fancybox\fancy_loading.png --> gandariakochikancha.org /www/fancybox/fancybox fancy_loading.png
2012.10.10 09:59 B C:\xampp\htdocs\GKKKMD\fancybox\fancybox\fancy_nav_left.png --> gandariakochikancha.org /www/fancybox/fancybox fancy_nav_left.png
2012.10.10 09:59 B C:\xampp\htdocs\GKKKMD\fancybox\fancybox\fancy_nav_right.png --> gandariakochikancha.org /www/fancybox/fancybox fancy_nav_right.png
2012.10.10 09:59 B C:\xampp\htdocs\GKKKMD\fancybox\fancybox\fancy_shadow_e.png --> gandariakochikancha.org /www/fancybox/fancybox fancy_shadow_e.png
2012.10.10 09:59 B C:\xampp\htdocs\GKKKMD\fancybox\fancybox\fancy_shadow_n.png --> gandariakochikancha.org /www/fancybox/fancybox fancy_shadow_n.png
2012.10.10 09:59 B C:\xampp\htdocs\GKKKMD\fancybox\fancybox\fancy_shadow_ne.png --> gandariakochikancha.org /www/fancybox/fancybox fancy_shadow_ne.png
2012.10.10 09:59 B C:\xampp\htdocs\GKKKMD\fancybox\fancybox\fancy_shadow_nw.png --> gandariakochikancha.org /www/fancybox/fancybox fancy_shadow_nw.png
2012.10.10 09:59 B C:\xampp\htdocs\GKKKMD\fancybox\fancybox\fancy_shadow_s.png --> gandariakochikancha.org /www/fancybox/fancybox fancy_shadow_s.png
2012.10.10 09:59 B C:\xampp\htdocs\GKKKMD\fancybox\fancybox\fancy_shadow_se.png --> gandariakochikancha.org /www/fancybox/fancybox fancy_shadow_se.png
2012.10.10 09:59 B C:\xampp\htdocs\GKKKMD\fancybox\fancybox\fancy_shadow_sw.png --> gandariakochikancha.org /www/fancybox/fancybox fancy_shadow_sw.png
2012.10.10 09:59 B C:\xampp\htdocs\GKKKMD\fancybox\fancybox\fancy_shadow_w.png --> gandariakochikancha.org /www/fancybox/fancybox fancy_shadow_w.png
2012.10.10 09:59 B C:\xampp\htdocs\GKKKMD\fancybox\fancybox\fancy_title_left.png --> gandariakochikancha.org /www/fancybox/fancybox fancy_title_left.png
2012.10.10 09:59 B C:\xampp\htdocs\GKKKMD\fancybox\fancybox\fancy_title_main.png --> gandariakochikancha.org /www/fancybox/fancybox fancy_title_main.png
2012.10.10 09:59 B C:\xampp\htdocs\GKKKMD\fancybox\fancybox\fancy_title_over.png --> gandariakochikancha.org /www/fancybox/fancybox fancy_title_over.png
2012.10.10 09:59 B C:\xampp\htdocs\GKKKMD\fancybox\fancybox\fancy_title_right.png --> gandariakochikancha.org /www/fancybox/fancybox fancy_title_right.png
2012.10.10 09:59 B C:\xampp\htdocs\GKKKMD\fancybox\fancybox\fancybox-x.png --> gandariakochikancha.org /www/fancybox/fancybox fancybox-x.png
2012.10.10 09:59 B C:\xampp\htdocs\GKKKMD\fancybox\fancybox\fancybox-y.png --> gandariakochikancha.org /www/fancybox/fancybox fancybox-y.png
2012.10.10 10:00 B C:\xampp\htdocs\GKKKMD\fancybox\fancybox\fancybox.png --> gandariakochikancha.org /www/fancybox/fancybox fancybox.png
2012.10.10 10:00 B C:\xampp\htdocs\GKKKMD\fancybox\fancybox\jquery.easing-1.3.pack.js --> gandariakochikancha.org /www/fancybox/fancybox jquery.easing-1.3.pack.js
2012.10.10 10:00 B C:\xampp\htdocs\GKKKMD\fancybox\fancybox\jquery.fancybox-1.3.4.css --> gandariakochikancha.org /www/fancybox/fancybox jquery.fancybox-1.3.4.css
2012.10.10 10:00 B C:\xampp\htdocs\GKKKMD\fancybox\fancybox\jquery.fancybox-1.3.4.js --> gandariakochikancha.org /www/fancybox/fancybox jquery.fancybox-1.3.4.js
2012.10.10 10:00 B C:\xampp\htdocs\GKKKMD\fancybox\fancybox\jquery.fancybox-1.3.4.pack.js --> gandariakochikancha.org /www/fancybox/fancybox jquery.fancybox-1.3.4.pack.js
2012.10.10 10:00 B C:\xampp\htdocs\GKKKMD\fancybox\fancybox\jquery.mousewheel-3.0.4.pack.js --> gandariakochikancha.org /www/fancybox/fancybox jquery.mousewheel-3.0.4.pack.js
2012.10.10 10:15 B C:\xampp\htdocs\GKKKMD\fancybox\fancybox\WS_FTP.LOG --> gandariakochikancha.org /www/fancybox/fancybox WS_FTP.LOG
2012.10.22 16:30 B C:\xampp\htdocs\kaloon\fancybox\fancybox\blank.gif --> kalonphotography.org /www/fancybox/fancybox blank.gif
2012.10.22 16:30 B C:\xampp\htdocs\kaloon\fancybox\fancybox\fancy_close.png --> kalonphotography.org /www/fancybox/fancybox fancy_close.png
2012.10.22 16:30 B C:\xampp\htdocs\kaloon\fancybox\fancybox\fancy_loading.png --> kalonphotography.org /www/fancybox/fancybox fancy_loading.png
2012.10.22 16:30 B C:\xampp\htdocs\kaloon\fancybox\fancybox\fancy_nav_left.png --> kalonphotography.org /www/fancybox/fancybox fancy_nav_left.png
2012.10.22 16:30 B C:\xampp\htdocs\kaloon\fancybox\fancybox\fancy_nav_right.png --> kalonphotography.org /www/fancybox/fancybox fancy_nav_right.png
2012.10.22 16:30 B C:\xampp\htdocs\kaloon\fancybox\fancybox\fancy_shadow_e.png --> kalonphotography.org /www/fancybox/fancybox fancy_shadow_e.png
2012.10.22 16:30 B C:\xampp\htdocs\kaloon\fancybox\fancybox\fancy_shadow_n.png --> kalonphotography.org /www/fancybox/fancybox fancy_shadow_n.png
2012.10.22 16:30 B C:\xampp\htdocs\kaloon\fancybox\fancybox\fancy_shadow_ne.png --> kalonphotography.org /www/fancybox/fancybox fancy_shadow_ne.png
2012.10.22 16:30 B C:\xampp\htdocs\kaloon\fancybox\fancybox\fancy_shadow_nw.png --> kalonphotography.org /www/fancybox/fancybox fancy_shadow_nw.png
2012.10.22 16:30 B C:\xampp\htdocs\kaloon\fancybox\fancybox\fancy_shadow_s.png --> kalonphotography.org /www/fancybox/fancybox fancy_shadow_s.png
2012.10.22 16:30 B C:\xampp\htdocs\kaloon\fancybox\fancybox\fancy_shadow_se.png --> kalonphotography.org /www/fancybox/fancybox fancy_shadow_se.png
2012.10.22 16:30 B C:\xampp\htdocs\kaloon\fancybox\fancybox\fancy_shadow_sw.png --> kalonphotography.org /www/fancybox/fancybox fancy_shadow_sw.png
2012.10.22 16:30 B C:\xampp\htdocs\kaloon\fancybox\fancybox\fancy_shadow_w.png --> kalonphotography.org /www/fancybox/fancybox fancy_shadow_w.png
2012.10.22 16:30 B C:\xampp\htdocs\kaloon\fancybox\fancybox\fancy_title_left.png --> kalonphotography.org /www/fancybox/fancybox fancy_title_left.png
2012.10.22 16:30 B C:\xampp\htdocs\kaloon\fancybox\fancybox\fancy_title_main.png --> kalonphotography.org /www/fancybox/fancybox fancy_title_main.png
2012.10.22 16:30 B C:\xampp\htdocs\kaloon\fancybox\fancybox\fancy_title_over.png --> kalonphotography.org /www/fancybox/fancybox fancy_title_over.png
2012.10.22 16:30 B C:\xampp\htdocs\kaloon\fancybox\fancybox\fancy_title_right.png --> kalonphotography.org /www/fancybox/fancybox fancy_title_right.png
2012.10.22 16:30 B C:\xampp\htdocs\kaloon\fancybox\fancybox\fancybox-x.png --> kalonphotography.org /www/fancybox/fancybox fancybox-x.png
2012.10.22 16:31 B C:\xampp\htdocs\kaloon\fancybox\fancybox\fancybox-y.png --> kalonphotography.org /www/fancybox/fancybox fancybox-y.png
2012.10.22 16:31 B C:\xampp\htdocs\kaloon\fancybox\fancybox\fancybox.png --> kalonphotography.org /www/fancybox/fancybox fancybox.png
2012.10.22 16:31 B C:\xampp\htdocs\kaloon\fancybox\fancybox\jquery.easing-1.3.pack.js --> kalonphotography.org /www/fancybox/fancybox jquery.easing-1.3.pack.js
2012.10.22 16:31 B C:\xampp\htdocs\kaloon\fancybox\fancybox\jquery.fancybox-1.3.4.css --> kalonphotography.org /www/fancybox/fancybox jquery.fancybox-1.3.4.css
2012.10.22 16:31 B C:\xampp\htdocs\kaloon\fancybox\fancybox\jquery.fancybox-1.3.4.js --> kalonphotography.org /www/fancybox/fancybox jquery.fancybox-1.3.4.js
2012.10.22 16:31 B C:\xampp\htdocs\kaloon\fancybox\fancybox\jquery.fancybox-1.3.4.pack.js --> kalonphotography.org /www/fancybox/fancybox jquery.fancybox-1.3.4.pack.js
2012.10.22 16:31 B C:\xampp\htdocs\kaloon\fancybox\fancybox\jquery.mousewheel-3.0.4.pack.js --> kalonphotography.org /www/fancybox/fancybox jquery.mousewheel-3.0.4.pack.js
2012.10.22 16:31 B C:\xampp\htdocs\kaloon\fancybox\fancybox\Thumbs.db --> kalonphotography.org /www/fancybox/fancybox Thumbs.db
2012.10.22 16:31 B C:\xampp\htdocs\kaloon\fancybox\fancybox\WS_FTP.LOG --> kalonphotography.org /www/fancybox/fancybox WS_FTP.LOG
